<?xml version="1.0" encoding="UTF-8"?>
<!-- Generated by org.testng.reporters.JUnitReportReporter -->
<testsuite hostname="DESKTOP-DPIMT2J" failures="0" tests="2" name="check.KchBhi" time="17.987" errors="0" timestamp="2023-01-24T02:49:43 IST" skipped="0">
  <testcase classname="check.KchBhi" name="verifyLogo" time="11.508"/>
  <system-out/>
  <testcase classname="check.KchBhi" name="verifyTitle" time="6.479"/>
  <system-out/>
</testsuite> <!-- check.KchBhi -->
