<?xml version="1.0" encoding="UTF-8"?>
<!-- Generated by org.testng.reporters.JUnitReportReporter -->
<testsuite hostname="DESKTOP-DPIMT2J" failures="0" tests="2" name="check.AmazonTest" time="23.812" errors="0" timestamp="2023-02-13T15:03:49 IST" skipped="0">
  <testcase classname="check.AmazonTest" name="verifyLogo" time="10.428"/>
  <system-out/>
  <testcase classname="check.AmazonTest" name="verifyTitle" time="13.384"/>
  <system-out/>
</testsuite> <!-- check.AmazonTest -->
