<?xml version="1.0" encoding="UTF-8"?>
<!-- Generated by org.testng.reporters.JUnitReportReporter -->
<testsuite hostname="DESKTOP-DPIMT2J" failures="0" tests="2" name="check.Test1" time="15.718" errors="0" timestamp="2023-01-24T02:45:58 IST" skipped="0">
  <testcase classname="check.Test1" name="verifyLogo" time="10.540"/>
  <system-out/>
  <testcase classname="check.Test1" name="verifyTitle" time="5.178"/>
  <system-out/>
</testsuite> <!-- check.Test1 -->
